{"/home/pmarins/Desktop/studies/fiap/fiap-payment/src/adapters/controllers/payment.controller.ts": {"path":"/home/pmarins/Desktop/studies/fiap/fiap-payment/src/adapters/controllers/payment.controller.ts","statementMap":{"0":{"start":{"line":1,"column":0},"end":{"line":1,"column":64}},"1":{"start":{"line":2,"column":0},"end":{"line":2,"column":79}},"2":{"start":{"line":3,"column":0},"end":{"line":3,"column":96}},"3":{"start":{"line":4,"column":0},"end":{"line":4,"column":91}},"4":{"start":{"line":5,"column":0},"end":{"line":5,"column":85}},"5":{"start":{"line":6,"column":0},"end":{"line":6,"column":73}},"6":{"start":{"line":7,"column":0},"end":{"line":7,"column":77}},"7":{"start":{"line":8,"column":0},"end":{"line":8,"column":89}},"8":{"start":{"line":9,"column":0},"end":{"line":9,"column":65}},"9":{"start":{"line":13,"column":7},"end":{"line":51,"column":null}},"10":{"start":{"line":15,"column":21},"end":{"line":15,"column":44}},"11":{"start":{"line":16,"column":21},"end":{"line":16,"column":46}},"12":{"start":{"line":17,"column":21},"end":{"line":17,"column":41}},"13":{"start":{"line":18,"column":21},"end":{"line":18,"column":43}},"14":{"start":{"line":24,"column":4},"end":{"line":24,"column":58}},"15":{"start":{"line":31,"column":4},"end":{"line":31,"column":57}},"16":{"start":{"line":40,"column":4},"end":{"line":40,"column":70}},"17":{"start":{"line":49,"column":4},"end":{"line":49,"column":65}},"18":{"start":{"line":13,"column":13},"end":{"line":13,"column":30}},"19":{"start":{"line":23,"column":8},"end":{"line":25,"column":null}},"20":{"start":{"line":30,"column":8},"end":{"line":32,"column":null}},"21":{"start":{"line":36,"column":8},"end":{"line":41,"column":null}},"22":{"start":{"line":45,"column":8},"end":{"line":50,"column":null}},"23":{"start":{"line":13,"column":13},"end":{"line":51,"column":null}}},"fnMap":{"0":{"name":"(anonymous_4)","decl":{"start":{"line":14,"column":2},"end":{"line":14,"column":null}},"loc":{"start":{"line":18,"column":63},"end":{"line":19,"column":6}}},"1":{"name":"(anonymous_5)","decl":{"start":{"line":23,"column":2},"end":{"line":23,"column":7}},"loc":{"start":{"line":23,"column":55},"end":{"line":25,"column":3}}},"2":{"name":"(anonymous_6)","decl":{"start":{"line":30,"column":2},"end":{"line":30,"column":7}},"loc":{"start":{"line":30,"column":71},"end":{"line":32,"column":3}}},"3":{"name":"(anonymous_7)","decl":{"start":{"line":36,"column":2},"end":{"line":36,"column":7}},"loc":{"start":{"line":38,"column":51},"end":{"line":41,"column":3}}},"4":{"name":"(anonymous_8)","decl":{"start":{"line":45,"column":2},"end":{"line":45,"column":7}},"loc":{"start":{"line":47,"column":51},"end":{"line":50,"column":3}}}},"branchMap":{},"s":{"0":1,"1":1,"2":1,"3":1,"4":1,"5":1,"6":1,"7":1,"8":1,"9":1,"10":6,"11":6,"12":6,"13":6,"14":0,"15":0,"16":3,"17":3,"18":1,"19":1,"20":1,"21":1,"22":1,"23":1},"f":{"0":6,"1":0,"2":0,"3":3,"4":3},"b":{}}
,"/home/pmarins/Desktop/studies/fiap/fiap-payment/src/adapters/providers/payment/mercadopago.provider.ts": {"path":"/home/pmarins/Desktop/studies/fiap/fiap-payment/src/adapters/providers/payment/mercadopago.provider.ts","statementMap":{"0":{"start":{"line":2,"column":0},"end":{"line":2,"column":62}},"1":{"start":{"line":3,"column":0},"end":{"line":3,"column":57}},"2":{"start":{"line":6,"column":12},"end":{"line":8,"column":5}},"3":{"start":{"line":9,"column":12},"end":{"line":9,"column":48}},"4":{"start":{"line":12,"column":4},"end":{"line":12,"column":25}},"5":{"start":{"line":16,"column":4},"end":{"line":39,"column":5}},"6":{"start":{"line":17,"column":22},"end":{"line":32,"column":8}},"7":{"start":{"line":34,"column":6},"end":{"line":36,"column":9}},"8":{"start":{"line":38,"column":6},"end":{"line":38,"column":60}},"9":{"start":{"line":43,"column":4},"end":{"line":47,"column":5}},"10":{"start":{"line":44,"column":6},"end":{"line":44,"column":44}},"11":{"start":{"line":46,"column":6},"end":{"line":46,"column":60}},"12":{"start":{"line":5,"column":0},"end":{"line":5,"column":13}}},"fnMap":{"0":{"name":"(anonymous_0)","decl":{"start":{"line":5,"column":0},"end":{"line":5,"column":13}},"loc":{"start":{"line":5,"column":0},"end":{"line":49,"column":1}}},"1":{"name":"(anonymous_1)","decl":{"start":{"line":11,"column":2},"end":{"line":11,"column":6}},"loc":{"start":{"line":11,"column":13},"end":{"line":13,"column":3}}},"2":{"name":"(anonymous_2)","decl":{"start":{"line":15,"column":2},"end":{"line":15,"column":7}},"loc":{"start":{"line":15,"column":44},"end":{"line":40,"column":3}}},"3":{"name":"(anonymous_3)","decl":{"start":{"line":42,"column":2},"end":{"line":42,"column":7}},"loc":{"start":{"line":42,"column":25},"end":{"line":48,"column":3}}}},"branchMap":{},"s":{"0":1,"1":1,"2":4,"3":4,"4":4,"5":2,"6":2,"7":2,"8":1,"9":2,"10":2,"11":1,"12":1},"f":{"0":4,"1":4,"2":2,"3":2},"b":{}}
,"/home/pmarins/Desktop/studies/fiap/fiap-payment/src/application/dtos/in-preparation.dto.ts": {"path":"/home/pmarins/Desktop/studies/fiap/fiap-payment/src/application/dtos/in-preparation.dto.ts","statementMap":{"0":{"start":{"line":1,"column":0},"end":{"line":1,"column":13}}},"fnMap":{},"branchMap":{},"s":{"0":1},"f":{},"b":{}}
,"/home/pmarins/Desktop/studies/fiap/fiap-payment/src/application/dtos/payment.process.dto.ts": {"path":"/home/pmarins/Desktop/studies/fiap/fiap-payment/src/application/dtos/payment.process.dto.ts","statementMap":{"0":{"start":{"line":1,"column":0},"end":{"line":1,"column":46}},"1":{"start":{"line":2,"column":0},"end":{"line":2,"column":56}},"2":{"start":{"line":3,"column":0},"end":{"line":3,"column":52}},"3":{"start":{"line":4,"column":0},"end":{"line":4,"column":null}},"4":{"start":{"line":13,"column":0},"end":{"line":13,"column":80}},"5":{"start":{"line":18,"column":2},"end":{"line":18,"column":null}},"6":{"start":{"line":20,"column":2},"end":{"line":20,"column":null}},"7":{"start":{"line":23,"column":0},"end":{"line":23,"column":13}},"8":{"start":{"line":26,"column":2},"end":{"line":26,"column":null}},"9":{"start":{"line":30,"column":2},"end":{"line":30,"column":null}},"10":{"start":{"line":34,"column":2},"end":{"line":34,"column":null}},"11":{"start":{"line":38,"column":2},"end":{"line":38,"column":null}},"12":{"start":{"line":42,"column":2},"end":{"line":42,"column":null}},"13":{"start":{"line":54,"column":2},"end":{"line":54,"column":null}},"14":{"start":{"line":47,"column":21},"end":{"line":49,"column":15}},"15":{"start":{"line":50,"column":4},"end":{"line":50,"column":28}},"16":{"start":{"line":60,"column":2},"end":{"line":60,"column":null}},"17":{"start":{"line":57,"column":14},"end":{"line":57,"column":18}}},"fnMap":{"0":{"name":"(anonymous_2)","decl":{"start":{"line":46,"column":13},"end":{"line":46,"column":14}},"loc":{"start":{"line":46,"column":27},"end":{"line":51,"column":3}}},"1":{"name":"(anonymous_3)","decl":{"start":{"line":57,"column":8},"end":{"line":57,"column":11}},"loc":{"start":{"line":57,"column":14},"end":{"line":57,"column":18}}}},"branchMap":{},"s":{"0":2,"1":2,"2":2,"3":2,"4":2,"5":2,"6":2,"7":2,"8":2,"9":2,"10":2,"11":2,"12":2,"13":2,"14":4,"15":4,"16":2,"17":1},"f":{"0":4,"1":1},"b":{}}
,"/home/pmarins/Desktop/studies/fiap/fiap-payment/src/application/dtos/payment.update.dto.ts": {"path":"/home/pmarins/Desktop/studies/fiap/fiap-payment/src/application/dtos/payment.update.dto.ts","statementMap":{"0":{"start":{"line":1,"column":0},"end":{"line":1,"column":46}},"1":{"start":{"line":2,"column":0},"end":{"line":2,"column":74}},"2":{"start":{"line":4,"column":0},"end":{"line":4,"column":13}},"3":{"start":{"line":7,"column":2},"end":{"line":7,"column":null}},"4":{"start":{"line":11,"column":2},"end":{"line":11,"column":null}},"5":{"start":{"line":15,"column":2},"end":{"line":17,"column":null}},"6":{"start":{"line":21,"column":2},"end":{"line":21,"column":null}},"7":{"start":{"line":25,"column":2},"end":{"line":25,"column":null}},"8":{"start":{"line":29,"column":2},"end":{"line":29,"column":null}},"9":{"start":{"line":33,"column":2},"end":{"line":33,"column":null}},"10":{"start":{"line":37,"column":2},"end":{"line":37,"column":null}}},"fnMap":{},"branchMap":{},"s":{"0":2,"1":2,"2":2,"3":2,"4":2,"5":2,"6":2,"7":2,"8":2,"9":2,"10":2},"f":{},"b":{}}
,"/home/pmarins/Desktop/studies/fiap/fiap-payment/src/application/mappers/order.mapper.ts": {"path":"/home/pmarins/Desktop/studies/fiap/fiap-payment/src/application/mappers/order.mapper.ts","statementMap":{"0":{"start":{"line":6,"column":4},"end":{"line":9,"column":6}},"1":{"start":{"line":4,"column":0},"end":{"line":4,"column":13}}},"fnMap":{"0":{"name":"(anonymous_0)","decl":{"start":{"line":5,"column":2},"end":{"line":5,"column":8}},"loc":{"start":{"line":5,"column":56},"end":{"line":10,"column":3}}}},"branchMap":{},"s":{"0":2,"1":4},"f":{"0":2},"b":{}}
,"/home/pmarins/Desktop/studies/fiap/fiap-payment/src/application/usecases/get-status-payment.usecase.ts": {"path":"/home/pmarins/Desktop/studies/fiap/fiap-payment/src/application/usecases/get-status-payment.usecase.ts","statementMap":{"0":{"start":{"line":1,"column":0},"end":{"line":1,"column":52}},"1":{"start":{"line":4,"column":0},"end":{"line":4,"column":68}},"2":{"start":{"line":7,"column":7},"end":{"line":30,"column":null}},"3":{"start":{"line":10,"column":21},"end":{"line":10,"column":44}},"4":{"start":{"line":12,"column":21},"end":{"line":12,"column":45}},"5":{"start":{"line":16,"column":27},"end":{"line":18,"column":null}},"6":{"start":{"line":21,"column":21},"end":{"line":22,"column":null}},"7":{"start":{"line":25,"column":4},"end":{"line":28,"column":7}},"8":{"start":{"line":7,"column":13},"end":{"line":7,"column":36}},"9":{"start":{"line":7,"column":13},"end":{"line":30,"column":null}}},"fnMap":{"0":{"name":"(anonymous_4)","decl":{"start":{"line":8,"column":2},"end":{"line":8,"column":null}},"loc":{"start":{"line":12,"column":45},"end":{"line":13,"column":6}}},"1":{"name":"(anonymous_5)","decl":{"start":{"line":15,"column":2},"end":{"line":15,"column":7}},"loc":{"start":{"line":15,"column":38},"end":{"line":29,"column":3}}}},"branchMap":{},"s":{"0":2,"1":2,"2":2,"3":3,"4":3,"5":3,"6":2,"7":1,"8":2,"9":2},"f":{"0":3,"1":3},"b":{}}
,"/home/pmarins/Desktop/studies/fiap/fiap-payment/src/application/usecases/in-preparation.usecase.ts": {"path":"/home/pmarins/Desktop/studies/fiap/fiap-payment/src/application/usecases/in-preparation.usecase.ts","statementMap":{"0":{"start":{"line":1,"column":0},"end":{"line":1,"column":54}},"1":{"start":{"line":3,"column":0},"end":{"line":3,"column":52}},"2":{"start":{"line":4,"column":0},"end":{"line":4,"column":52}},"3":{"start":{"line":5,"column":0},"end":{"line":5,"column":38}},"4":{"start":{"line":8,"column":7},"end":{"line":36,"column":null}},"5":{"start":{"line":11,"column":21},"end":{"line":11,"column":44}},"6":{"start":{"line":12,"column":43},"end":{"line":12,"column":51}},"7":{"start":{"line":16,"column":24},"end":{"line":18,"column":6}},"8":{"start":{"line":20,"column":4},"end":{"line":22,"column":5}},"9":{"start":{"line":21,"column":6},"end":{"line":21,"column":41}},"10":{"start":{"line":24,"column":28},"end":{"line":24,"column":80}},"11":{"start":{"line":26,"column":4},"end":{"line":34,"column":5}},"12":{"start":{"line":27,"column":6},"end":{"line":29,"column":8}},"13":{"start":{"line":31,"column":6},"end":{"line":31,"column":36}},"14":{"start":{"line":33,"column":6},"end":{"line":33,"column":84}},"15":{"start":{"line":8,"column":13},"end":{"line":8,"column":33}},"16":{"start":{"line":8,"column":13},"end":{"line":36,"column":null}}},"fnMap":{"0":{"name":"(anonymous_4)","decl":{"start":{"line":9,"column":2},"end":{"line":9,"column":null}},"loc":{"start":{"line":12,"column":62},"end":{"line":13,"column":6}}},"1":{"name":"(anonymous_5)","decl":{"start":{"line":15,"column":2},"end":{"line":15,"column":7}},"loc":{"start":{"line":15,"column":58},"end":{"line":35,"column":3}}}},"branchMap":{"0":{"loc":{"start":{"line":20,"column":4},"end":{"line":22,"column":5}},"type":"if","locations":[{"start":{"line":20,"column":4},"end":{"line":22,"column":5}}]}},"s":{"0":3,"1":3,"2":3,"3":3,"4":3,"5":5,"6":5,"7":2,"8":2,"9":1,"10":1,"11":1,"12":1,"13":1,"14":0,"15":3,"16":3},"f":{"0":5,"1":2},"b":{"0":[1]}}
,"/home/pmarins/Desktop/studies/fiap/fiap-payment/src/application/usecases/process-payment.usecase.ts": {"path":"/home/pmarins/Desktop/studies/fiap/fiap-payment/src/application/usecases/process-payment.usecase.ts","statementMap":{"0":{"start":{"line":1,"column":0},"end":{"line":1,"column":52}},"1":{"start":{"line":5,"column":0},"end":{"line":5,"column":68}},"2":{"start":{"line":6,"column":0},"end":{"line":6,"column":87}},"3":{"start":{"line":9,"column":7},"end":{"line":60,"column":null}},"4":{"start":{"line":12,"column":21},"end":{"line":12,"column":44}},"5":{"start":{"line":14,"column":21},"end":{"line":14,"column":42}},"6":{"start":{"line":16,"column":21},"end":{"line":16,"column":45}},"7":{"start":{"line":20,"column":36},"end":{"line":20,"column":40}},"8":{"start":{"line":20,"column":26},"end":{"line":20,"column":36}},"9":{"start":{"line":22,"column":18},"end":{"line":24,"column":9}},"10":{"start":{"line":23,"column":6},"end":{"line":23,"column":52}},"11":{"start":{"line":26,"column":18},"end":{"line":30,"column":6}},"12":{"start":{"line":32,"column":21},"end":{"line":35,"column":6}},"13":{"start":{"line":33,"column":6},"end":{"line":33,"column":31}},"14":{"start":{"line":34,"column":6},"end":{"line":34,"column":18}},"15":{"start":{"line":37,"column":4},"end":{"line":37,"column":41}},"16":{"start":{"line":39,"column":25},"end":{"line":42,"column":6}},"17":{"start":{"line":40,"column":20},"end":{"line":40,"column":52}},"18":{"start":{"line":41,"column":6},"end":{"line":41,"column":52}},"19":{"start":{"line":44,"column":24},"end":{"line":44,"column":46}},"20":{"start":{"line":46,"column":21},"end":{"line":50,"column":null}},"21":{"start":{"line":53,"column":4},"end":{"line":53,"column":74}},"22":{"start":{"line":54,"column":4},"end":{"line":58,"column":7}},"23":{"start":{"line":9,"column":13},"end":{"line":9,"column":34}},"24":{"start":{"line":9,"column":13},"end":{"line":60,"column":null}}},"fnMap":{"0":{"name":"(anonymous_5)","decl":{"start":{"line":10,"column":2},"end":{"line":10,"column":null}},"loc":{"start":{"line":16,"column":45},"end":{"line":17,"column":6}}},"1":{"name":"(anonymous_6)","decl":{"start":{"line":19,"column":2},"end":{"line":19,"column":7}},"loc":{"start":{"line":19,"column":39},"end":{"line":59,"column":3}}},"2":{"name":"(anonymous_7)","decl":{"start":{"line":22,"column":31},"end":{"line":22,"column":32}},"loc":{"start":{"line":22,"column":68},"end":{"line":24,"column":5}}},"3":{"name":"(anonymous_8)","decl":{"start":{"line":32,"column":35},"end":{"line":32,"column":36}},"loc":{"start":{"line":32,"column":44},"end":{"line":35,"column":5}}},"4":{"name":"(anonymous_9)","decl":{"start":{"line":39,"column":42},"end":{"line":39,"column":43}},"loc":{"start":{"line":39,"column":75},"end":{"line":42,"column":5}}}},"branchMap":{},"s":{"0":2,"1":2,"2":2,"3":2,"4":2,"5":2,"6":2,"7":2,"8":2,"9":2,"10":4,"11":2,"12":1,"13":2,"14":2,"15":1,"16":1,"17":2,"18":2,"19":1,"20":1,"21":1,"22":1,"23":2,"24":2},"f":{"0":2,"1":2,"2":4,"3":2,"4":2},"b":{}}
,"/home/pmarins/Desktop/studies/fiap/fiap-payment/src/application/usecases/update-payment.usecase.ts": {"path":"/home/pmarins/Desktop/studies/fiap/fiap-payment/src/application/usecases/update-payment.usecase.ts","statementMap":{"0":{"start":{"line":2,"column":0},"end":{"line":2,"column":64}},"1":{"start":{"line":5,"column":0},"end":{"line":5,"column":68}},"2":{"start":{"line":6,"column":0},"end":{"line":6,"column":null}},"3":{"start":{"line":14,"column":7},"end":{"line":68,"column":null}},"4":{"start":{"line":17,"column":21},"end":{"line":17,"column":44}},"5":{"start":{"line":19,"column":21},"end":{"line":19,"column":45}},"6":{"start":{"line":20,"column":21},"end":{"line":20,"column":43}},"7":{"start":{"line":24,"column":4},"end":{"line":26,"column":5}},"8":{"start":{"line":25,"column":6},"end":{"line":25,"column":27}},"9":{"start":{"line":28,"column":24},"end":{"line":30,"column":6}},"10":{"start":{"line":32,"column":4},"end":{"line":34,"column":5}},"11":{"start":{"line":33,"column":6},"end":{"line":33,"column":55}},"12":{"start":{"line":36,"column":31},"end":{"line":37,"column":null}},"13":{"start":{"line":40,"column":26},"end":{"line":42,"column":null}},"14":{"start":{"line":45,"column":4},"end":{"line":51,"column":5}},"15":{"start":{"line":46,"column":6},"end":{"line":48,"column":9}},"16":{"start":{"line":50,"column":6},"end":{"line":50,"column":27}},"17":{"start":{"line":53,"column":4},"end":{"line":64,"column":5}},"18":{"start":{"line":54,"column":6},"end":{"line":56,"column":9}},"19":{"start":{"line":58,"column":6},"end":{"line":61,"column":8}},"20":{"start":{"line":63,"column":6},"end":{"line":63,"column":32}},"21":{"start":{"line":66,"column":4},"end":{"line":66,"column":25}},"22":{"start":{"line":14,"column":13},"end":{"line":14,"column":33}},"23":{"start":{"line":14,"column":13},"end":{"line":68,"column":null}}},"fnMap":{"0":{"name":"(anonymous_4)","decl":{"start":{"line":15,"column":2},"end":{"line":15,"column":null}},"loc":{"start":{"line":20,"column":63},"end":{"line":21,"column":6}}},"1":{"name":"(anonymous_5)","decl":{"start":{"line":23,"column":2},"end":{"line":23,"column":7}},"loc":{"start":{"line":23,"column":38},"end":{"line":67,"column":3}}}},"branchMap":{"0":{"loc":{"start":{"line":24,"column":4},"end":{"line":26,"column":5}},"type":"if","locations":[{"start":{"line":24,"column":4},"end":{"line":26,"column":5}}]},"1":{"loc":{"start":{"line":32,"column":4},"end":{"line":34,"column":5}},"type":"if","locations":[{"start":{"line":32,"column":4},"end":{"line":34,"column":5}}]},"2":{"loc":{"start":{"line":45,"column":4},"end":{"line":51,"column":5}},"type":"if","locations":[{"start":{"line":45,"column":4},"end":{"line":51,"column":5}}]},"3":{"loc":{"start":{"line":53,"column":4},"end":{"line":64,"column":5}},"type":"if","locations":[{"start":{"line":53,"column":4},"end":{"line":64,"column":5}}]}},"s":{"0":2,"1":2,"2":2,"3":2,"4":3,"5":3,"6":3,"7":3,"8":1,"9":2,"10":2,"11":1,"12":1,"13":1,"14":1,"15":0,"16":0,"17":1,"18":0,"19":0,"20":0,"21":1,"22":2,"23":2},"f":{"0":3,"1":3},"b":{"0":[1],"1":[1],"2":[0],"3":[0]}}
,"/home/pmarins/Desktop/studies/fiap/fiap-payment/src/application/usecases/view-payment.usecase.ts": {"path":"/home/pmarins/Desktop/studies/fiap/fiap-payment/src/application/usecases/view-payment.usecase.ts","statementMap":{"0":{"start":{"line":1,"column":0},"end":{"line":1,"column":52}},"1":{"start":{"line":4,"column":0},"end":{"line":4,"column":68}},"2":{"start":{"line":7,"column":7},"end":{"line":31,"column":null}},"3":{"start":{"line":10,"column":21},"end":{"line":10,"column":44}},"4":{"start":{"line":12,"column":21},"end":{"line":12,"column":45}},"5":{"start":{"line":16,"column":34},"end":{"line":18,"column":null}},"6":{"start":{"line":21,"column":21},"end":{"line":22,"column":null}},"7":{"start":{"line":25,"column":4},"end":{"line":29,"column":7}},"8":{"start":{"line":7,"column":13},"end":{"line":7,"column":31}},"9":{"start":{"line":7,"column":13},"end":{"line":31,"column":null}}},"fnMap":{"0":{"name":"(anonymous_4)","decl":{"start":{"line":8,"column":2},"end":{"line":8,"column":null}},"loc":{"start":{"line":12,"column":45},"end":{"line":13,"column":6}}},"1":{"name":"(anonymous_5)","decl":{"start":{"line":15,"column":2},"end":{"line":15,"column":7}},"loc":{"start":{"line":15,"column":38},"end":{"line":30,"column":3}}}},"branchMap":{},"s":{"0":2,"1":2,"2":2,"3":3,"4":3,"5":3,"6":2,"7":1,"8":2,"9":2},"f":{"0":3,"1":3},"b":{}}
,"/home/pmarins/Desktop/studies/fiap/fiap-payment/src/core/filter/exception-filter-http.filter.ts": {"path":"/home/pmarins/Desktop/studies/fiap/fiap-payment/src/core/filter/exception-filter-http.filter.ts","statementMap":{"0":{"start":{"line":1,"column":0},"end":{"line":1,"column":null}},"1":{"start":{"line":9,"column":0},"end":{"line":9,"column":68}},"2":{"start":{"line":13,"column":7},"end":{"line":43,"column":null}},"3":{"start":{"line":17,"column":31},"end":{"line":17,"column":45}},"4":{"start":{"line":15,"column":21},"end":{"line":15,"column":43}},"5":{"start":{"line":18,"column":4},"end":{"line":18,"column":48}},"6":{"start":{"line":22,"column":24},"end":{"line":22,"column":43}},"7":{"start":{"line":23,"column":21},"end":{"line":23,"column":56}},"8":{"start":{"line":25,"column":4},"end":{"line":31,"column":5}},"9":{"start":{"line":26,"column":28},"end":{"line":26,"column":37}},"10":{"start":{"line":27,"column":21},"end":{"line":27,"column":24}},"11":{"start":{"line":28,"column":19},"end":{"line":28,"column":41}},"12":{"start":{"line":29,"column":6},"end":{"line":29,"column":31}},"13":{"start":{"line":30,"column":6},"end":{"line":30,"column":48}},"14":{"start":{"line":33,"column":29},"end":{"line":39,"column":6}},"15":{"start":{"line":41,"column":4},"end":{"line":41,"column":46}},"16":{"start":{"line":13,"column":13},"end":{"line":13,"column":32}},"17":{"start":{"line":13,"column":13},"end":{"line":43,"column":null}}},"fnMap":{"0":{"name":"(anonymous_2)","decl":{"start":{"line":17,"column":2},"end":{"line":17,"column":31}},"loc":{"start":{"line":17,"column":60},"end":{"line":19,"column":3}}},"1":{"name":"(anonymous_3)","decl":{"start":{"line":21,"column":9},"end":{"line":21,"column":14}},"loc":{"start":{"line":21,"column":50},"end":{"line":42,"column":3}}}},"branchMap":{"0":{"loc":{"start":{"line":25,"column":4},"end":{"line":31,"column":5}},"type":"if","locations":[{"start":{"line":25,"column":4},"end":{"line":31,"column":5}}]}},"s":{"0":1,"1":1,"2":1,"3":5,"4":5,"5":5,"6":5,"7":5,"8":5,"9":1,"10":1,"11":1,"12":1,"13":1,"14":4,"15":4,"16":1,"17":1},"f":{"0":5,"1":5},"b":{"0":[1]}}
,"/home/pmarins/Desktop/studies/fiap/fiap-payment/src/core/helpers/prisma.helper.ts": {"path":"/home/pmarins/Desktop/studies/fiap/fiap-payment/src/core/helpers/prisma.helper.ts","statementMap":{"0":{"start":{"line":1,"column":0},"end":{"line":1,"column":58}},"1":{"start":{"line":2,"column":0},"end":{"line":2,"column":46}},"2":{"start":{"line":5,"column":7},"end":{"line":20,"column":null}},"3":{"start":{"line":7,"column":4},"end":{"line":9,"column":7}},"4":{"start":{"line":13,"column":4},"end":{"line":18,"column":5}},"5":{"start":{"line":14,"column":6},"end":{"line":14,"column":28}},"6":{"start":{"line":15,"column":6},"end":{"line":15,"column":29}},"7":{"start":{"line":17,"column":6},"end":{"line":17,"column":25}},"8":{"start":{"line":5,"column":13},"end":{"line":5,"column":25}},"9":{"start":{"line":5,"column":13},"end":{"line":20,"column":null}}},"fnMap":{"0":{"name":"(anonymous_2)","decl":{"start":{"line":6,"column":2},"end":{"line":6,"column":null}},"loc":{"start":{"line":6,"column":2},"end":{"line":10,"column":3}}},"1":{"name":"(anonymous_3)","decl":{"start":{"line":12,"column":2},"end":{"line":12,"column":7}},"loc":{"start":{"line":12,"column":20},"end":{"line":19,"column":3}}}},"branchMap":{},"s":{"0":1,"1":1,"2":1,"3":2,"4":2,"5":2,"6":1,"7":1,"8":1,"9":1},"f":{"0":2,"1":2},"b":{}}
,"/home/pmarins/Desktop/studies/fiap/fiap-payment/src/domain/enum/identification-type.enum.ts": {"path":"/home/pmarins/Desktop/studies/fiap/fiap-payment/src/domain/enum/identification-type.enum.ts","statementMap":{"0":{"start":{"line":1,"column":0},"end":{"line":1,"column":null}},"1":{"start":{"line":2,"column":2},"end":{"line":2,"column":null}},"2":{"start":{"line":3,"column":2},"end":{"line":3,"column":null}}},"fnMap":{"0":{"name":"(anonymous_0)","decl":{"start":{"line":1,"column":0},"end":{"line":1,"column":12}},"loc":{"start":{"line":1,"column":30},"end":{"line":4,"column":1}}}},"branchMap":{"0":{"loc":{"start":{"line":1,"column":12},"end":{"line":1,"column":null}},"type":"binary-expr","locations":[{"start":{"line":1,"column":12},"end":{"line":1,"column":30}},{"start":{"line":1,"column":30},"end":{"line":1,"column":null}}]}},"s":{"0":3,"1":3,"2":3},"f":{"0":3},"b":{"0":[3,3]}}
,"/home/pmarins/Desktop/studies/fiap/fiap-payment/src/domain/mappers/payment.mapper.ts": {"path":"/home/pmarins/Desktop/studies/fiap/fiap-payment/src/domain/mappers/payment.mapper.ts","statementMap":{"0":{"start":{"line":1,"column":0},"end":{"line":1,"column":77}},"1":{"start":{"line":31,"column":8},"end":{"line":31,"column":12}},"2":{"start":{"line":32,"column":20},"end":{"line":35,"column":6}},"3":{"start":{"line":33,"column":6},"end":{"line":33,"column":27}},"4":{"start":{"line":34,"column":6},"end":{"line":34,"column":18}},"5":{"start":{"line":36,"column":4},"end":{"line":52,"column":6}},"6":{"start":{"line":60,"column":33},"end":{"line":60,"column":44}},"7":{"start":{"line":62,"column":4},"end":{"line":65,"column":6}},"8":{"start":{"line":3,"column":0},"end":{"line":3,"column":13}}},"fnMap":{"0":{"name":"(anonymous_0)","decl":{"start":{"line":4,"column":2},"end":{"line":4,"column":8}},"loc":{"start":{"line":13,"column":5},"end":{"line":53,"column":3}}},"1":{"name":"(anonymous_1)","decl":{"start":{"line":32,"column":34},"end":{"line":32,"column":35}},"loc":{"start":{"line":32,"column":43},"end":{"line":35,"column":5}}},"2":{"name":"(anonymous_2)","decl":{"start":{"line":55,"column":2},"end":{"line":55,"column":8}},"loc":{"start":{"line":58,"column":5},"end":{"line":66,"column":3}}}},"branchMap":{"0":{"loc":{"start":{"line":43,"column":22},"end":{"line":43,"column":40}},"type":"cond-expr","locations":[{"start":{"line":43,"column":36},"end":{"line":43,"column":38}},{"start":{"line":43,"column":22},"end":{"line":43,"column":40}}]},"1":{"loc":{"start":{"line":43,"column":22},"end":{"line":43,"column":38}},"type":"binary-expr","locations":[{"start":{"line":43,"column":22},"end":{"line":43,"column":38}},{"start":{"line":43,"column":22},"end":{"line":43,"column":38}}]}},"s":{"0":9,"1":6,"2":6,"3":12,"4":12,"5":6,"6":3,"7":3,"8":9},"f":{"0":6,"1":12,"2":3},"b":{"0":[2,4],"1":[6,6]}}
,"/home/pmarins/Desktop/studies/fiap/fiap-payment/src/domain/values-object/payment.values-object.ts": {"path":"/home/pmarins/Desktop/studies/fiap/fiap-payment/src/domain/values-object/payment.values-object.ts","statementMap":{"0":{"start":{"line":3,"column":26},"end":{"line":4,"column":null}},"1":{"start":{"line":6,"column":28},"end":{"line":10,"column":28}},"2":{"start":{"line":12,"column":4},"end":{"line":12,"column":27}},"3":{"start":{"line":1,"column":0},"end":{"line":1,"column":13}}},"fnMap":{"0":{"name":"(anonymous_0)","decl":{"start":{"line":2,"column":2},"end":{"line":2,"column":8}},"loc":{"start":{"line":2,"column":65},"end":{"line":13,"column":3}}}},"branchMap":{"0":{"loc":{"start":{"line":2,"column":31},"end":{"line":2,"column":47}},"type":"default-arg","locations":[{"start":{"line":2,"column":42},"end":{"line":2,"column":47}}]},"1":{"loc":{"start":{"line":2,"column":49},"end":{"line":2,"column":65}},"type":"default-arg","locations":[{"start":{"line":2,"column":58},"end":{"line":2,"column":65}}]},"2":{"loc":{"start":{"line":4,"column":13},"end":{"line":4,"column":40}},"type":"cond-expr","locations":[{"start":{"line":4,"column":30},"end":{"line":4,"column":36}},{"start":{"line":4,"column":39},"end":{"line":4,"column":40}}]}},"s":{"0":22,"1":22,"2":22,"3":10},"f":{"0":22},"b":{"0":[21],"1":[21],"2":[19,3]}}
}
