TN:
SF:src\application\usecases\get-status-payment.usecase.ts
FN:8,(anonymous_4)
FN:15,(anonymous_5)
FNF:2
FNH:2
FNDA:3,(anonymous_4)
FNDA:3,(anonymous_5)
DA:1,1
DA:4,1
DA:7,1
DA:10,3
DA:12,3
DA:16,3
DA:18,2
DA:20,1
LF:8
LH:8
BRF:0
BRH:0
end_of_record
TN:
SF:src\application\usecases\process-payment.usecase.ts
FN:10,(anonymous_5)
FN:19,(anonymous_6)
FN:22,(anonymous_7)
FN:31,(anonymous_8)
FN:38,(anonymous_9)
FNF:5
FNH:5
FNDA:2,(anonymous_5)
FNDA:2,(anonymous_6)
FNDA:4,(anonymous_7)
FNDA:2,(anonymous_8)
FNDA:2,(anonymous_9)
DA:1,1
DA:5,1
DA:6,1
DA:9,1
DA:12,2
DA:14,2
DA:16,2
DA:20,2
DA:22,2
DA:23,4
DA:26,2
DA:31,1
DA:32,2
DA:33,2
DA:36,1
DA:38,1
DA:39,2
DA:40,2
DA:43,1
DA:45,1
DA:52,1
DA:53,1
LF:22
LH:22
BRF:0
BRH:0
end_of_record
TN:
SF:src\application\usecases\view-payment.usecase.ts
FN:8,(anonymous_4)
FN:15,(anonymous_5)
FNF:2
FNH:2
FNDA:3,(anonymous_4)
FNDA:3,(anonymous_5)
DA:1,1
DA:4,1
DA:7,1
DA:10,3
DA:12,3
DA:16,3
DA:18,2
DA:20,1
LF:8
LH:8
BRF:0
BRH:0
end_of_record
