TN:
SF:src/adapters/controllers/payment.controller.ts
FN:14,(anonymous_4)
FN:23,(anonymous_5)
FN:30,(anonymous_6)
FN:36,(anonymous_7)
FN:45,(anonymous_8)
FNF:5
FNH:3
FNDA:6,(anonymous_4)
FNDA:0,(anonymous_5)
FNDA:0,(anonymous_6)
FNDA:3,(anonymous_7)
FNDA:3,(anonymous_8)
DA:1,1
DA:2,1
DA:3,1
DA:4,1
DA:5,1
DA:6,1
DA:7,1
DA:8,1
DA:9,1
DA:13,1
DA:15,6
DA:16,6
DA:17,6
DA:18,6
DA:23,1
DA:24,0
DA:30,1
DA:31,0
DA:36,1
DA:40,3
DA:45,1
DA:49,3
LF:22
LH:20
BRF:0
BRH:0
end_of_record
TN:
SF:src/adapters/providers/payment/mercadopago.provider.ts
FN:5,(anonymous_0)
FN:11,(anonymous_1)
FN:15,(anonymous_2)
FN:42,(anonymous_3)
FNF:4
FNH:4
FNDA:4,(anonymous_0)
FNDA:4,(anonymous_1)
FNDA:2,(anonymous_2)
FNDA:2,(anonymous_3)
DA:2,1
DA:3,1
DA:5,1
DA:6,4
DA:9,4
DA:12,4
DA:16,2
DA:17,2
DA:34,2
DA:38,1
DA:43,2
DA:44,2
DA:46,1
LF:13
LH:13
BRF:0
BRH:0
end_of_record
TN:
SF:src/application/dtos/in-preparation.dto.ts
FNF:0
FNH:0
DA:1,1
LF:1
LH:1
BRF:0
BRH:0
end_of_record
TN:
SF:src/application/dtos/payment.process.dto.ts
FN:46,(anonymous_2)
FN:57,(anonymous_3)
FNF:2
FNH:2
FNDA:4,(anonymous_2)
FNDA:1,(anonymous_3)
DA:1,2
DA:2,2
DA:3,2
DA:4,2
DA:13,2
DA:18,2
DA:20,2
DA:23,2
DA:26,2
DA:30,2
DA:34,2
DA:38,2
DA:42,2
DA:47,4
DA:50,4
DA:54,2
DA:57,1
DA:60,2
LF:18
LH:18
BRF:0
BRH:0
end_of_record
TN:
SF:src/application/dtos/payment.update.dto.ts
FNF:0
FNH:0
DA:1,2
DA:2,2
DA:4,2
DA:7,2
DA:11,2
DA:15,2
DA:21,2
DA:25,2
DA:29,2
DA:33,2
DA:37,2
LF:11
LH:11
BRF:0
BRH:0
end_of_record
TN:
SF:src/application/mappers/order.mapper.ts
FN:5,(anonymous_0)
FNF:1
FNH:1
FNDA:2,(anonymous_0)
DA:4,4
DA:6,2
LF:2
LH:2
BRF:0
BRH:0
end_of_record
TN:
SF:src/application/usecases/get-status-payment.usecase.ts
FN:8,(anonymous_4)
FN:15,(anonymous_5)
FNF:2
FNH:2
FNDA:3,(anonymous_4)
FNDA:3,(anonymous_5)
DA:1,2
DA:4,2
DA:7,2
DA:10,3
DA:12,3
DA:16,3
DA:21,2
DA:25,1
LF:8
LH:8
BRF:0
BRH:0
end_of_record
TN:
SF:src/application/usecases/in-preparation.usecase.ts
FN:9,(anonymous_4)
FN:15,(anonymous_5)
FNF:2
FNH:2
FNDA:5,(anonymous_4)
FNDA:2,(anonymous_5)
DA:1,3
DA:3,3
DA:4,3
DA:5,3
DA:8,3
DA:11,5
DA:12,5
DA:16,2
DA:20,2
DA:21,1
DA:24,1
DA:26,1
DA:27,1
DA:31,1
DA:33,0
LF:15
LH:14
BRDA:20,0,0,1
BRF:1
BRH:1
end_of_record
TN:
SF:src/application/usecases/process-payment.usecase.ts
FN:10,(anonymous_5)
FN:19,(anonymous_6)
FN:22,(anonymous_7)
FN:32,(anonymous_8)
FN:39,(anonymous_9)
FNF:5
FNH:5
FNDA:2,(anonymous_5)
FNDA:2,(anonymous_6)
FNDA:4,(anonymous_7)
FNDA:2,(anonymous_8)
FNDA:2,(anonymous_9)
DA:1,2
DA:5,2
DA:6,2
DA:9,2
DA:12,2
DA:14,2
DA:16,2
DA:20,2
DA:22,2
DA:23,4
DA:26,2
DA:32,1
DA:33,2
DA:34,2
DA:37,1
DA:39,1
DA:40,2
DA:41,2
DA:44,1
DA:46,1
DA:53,1
DA:54,1
LF:22
LH:22
BRF:0
BRH:0
end_of_record
TN:
SF:src/application/usecases/update-payment.usecase.ts
FN:15,(anonymous_4)
FN:23,(anonymous_5)
FNF:2
FNH:2
FNDA:3,(anonymous_4)
FNDA:3,(anonymous_5)
DA:2,2
DA:5,2
DA:6,2
DA:14,2
DA:17,3
DA:19,3
DA:20,3
DA:24,3
DA:25,1
DA:28,2
DA:32,2
DA:33,1
DA:36,1
DA:40,1
DA:45,1
DA:46,0
DA:50,0
DA:53,1
DA:54,0
DA:58,0
DA:63,0
DA:66,1
LF:22
LH:17
BRDA:24,0,0,1
BRDA:32,1,0,1
BRDA:45,2,0,0
BRDA:53,3,0,0
BRF:4
BRH:2
end_of_record
TN:
SF:src/application/usecases/view-payment.usecase.ts
FN:8,(anonymous_4)
FN:15,(anonymous_5)
FNF:2
FNH:2
FNDA:3,(anonymous_4)
FNDA:3,(anonymous_5)
DA:1,2
DA:4,2
DA:7,2
DA:10,3
DA:12,3
DA:16,3
DA:21,2
DA:25,1
LF:8
LH:8
BRF:0
BRH:0
end_of_record
TN:
SF:src/core/filter/exception-filter-http.filter.ts
FN:17,(anonymous_2)
FN:21,(anonymous_3)
FNF:2
FNH:2
FNDA:5,(anonymous_2)
FNDA:5,(anonymous_3)
DA:1,1
DA:9,1
DA:13,1
DA:15,5
DA:17,5
DA:18,5
DA:22,5
DA:23,5
DA:25,5
DA:26,1
DA:27,1
DA:28,1
DA:29,1
DA:30,1
DA:33,4
DA:41,4
LF:16
LH:16
BRDA:25,0,0,1
BRF:1
BRH:1
end_of_record
TN:
SF:src/core/helpers/prisma.helper.ts
FN:6,(anonymous_2)
FN:12,(anonymous_3)
FNF:2
FNH:2
FNDA:2,(anonymous_2)
FNDA:2,(anonymous_3)
DA:1,1
DA:2,1
DA:5,1
DA:7,2
DA:13,2
DA:14,2
DA:15,1
DA:17,1
LF:8
LH:8
BRF:0
BRH:0
end_of_record
TN:
SF:src/domain/enum/identification-type.enum.ts
FN:1,(anonymous_0)
FNF:1
FNH:1
FNDA:3,(anonymous_0)
DA:1,3
DA:2,3
DA:3,3
LF:3
LH:3
BRDA:1,0,0,3
BRDA:1,0,1,3
BRF:2
BRH:2
end_of_record
TN:
SF:src/domain/mappers/payment.mapper.ts
FN:4,(anonymous_0)
FN:32,(anonymous_1)
FN:55,(anonymous_2)
FNF:3
FNH:3
FNDA:6,(anonymous_0)
FNDA:12,(anonymous_1)
FNDA:3,(anonymous_2)
DA:1,9
DA:3,9
DA:31,6
DA:32,6
DA:33,12
DA:34,12
DA:36,6
DA:60,3
DA:62,3
LF:9
LH:9
BRDA:43,0,0,2
BRDA:43,0,1,4
BRDA:43,1,0,6
BRDA:43,1,1,6
BRF:4
BRH:4
end_of_record
TN:
SF:src/domain/values-object/payment.values-object.ts
FN:2,(anonymous_0)
FNF:1
FNH:1
FNDA:22,(anonymous_0)
DA:1,10
DA:3,22
DA:6,22
DA:12,22
LF:4
LH:4
BRDA:2,0,0,21
BRDA:2,1,0,21
BRDA:4,2,0,19
BRDA:4,2,1,3
BRF:4
BRH:4
end_of_record
